<?xml version="1.0" encoding="UTF-8"?>
<!-- Generated by org.testng.reporters.JUnitReportReporter -->
<testsuite hostname="BDC4-L-9637QQ2" name="com.selenium.TestClass08" tests="1" failures="0" timestamp="14 Apr 2019 04:53:55 GMT" time="0.176" errors="0">
  <testcase name="method1" time="0.176" classname="com.selenium.TestClass08"/>
</testsuite> <!-- com.selenium.TestClass08 -->
