<?xml version="1.0" encoding="UTF-8"?>
<!-- Generated by org.testng.reporters.JUnitReportReporter -->
<testsuite hostname="BDC4-L-9637QQ2" name="com.selenium.TestClass02" tests="1" failures="0" timestamp="14 Apr 2019 04:22:35 GMT" time="10.692" errors="0">
  <testcase name="method1" time="10.692" classname="com.selenium.TestClass02"/>
</testsuite> <!-- com.selenium.TestClass02 -->
