<?xml version="1.0" encoding="UTF-8"?>
<!-- Generated by org.testng.reporters.JUnitReportReporter -->
<testsuite hostname="BDC4-L-9637QQ2" name="com.selenium.TestClass03" tests="1" failures="0" timestamp="14 Apr 2019 04:25:15 GMT" time="5.290" errors="0">
  <testcase name="method1" time="5.290" classname="com.selenium.TestClass03"/>
</testsuite> <!-- com.selenium.TestClass03 -->
