<?xml version="1.0" encoding="UTF-8"?>
<!-- Generated by org.testng.reporters.JUnitReportReporter -->
<testsuite hostname="BDC4-L-9637QQ2" name="com.selenium.TestClass09" tests="1" failures="0" timestamp="14 Apr 2019 05:53:43 GMT" time="25.732" errors="0">
  <testcase name="method1" time="25.732" classname="com.selenium.TestClass09"/>
</testsuite> <!-- com.selenium.TestClass09 -->
