<?xml version="1.0" encoding="UTF-8"?>
<!-- Generated by org.testng.reporters.JUnitReportReporter -->
<testsuite hostname="BDC4-L-9637QQ2" name="com.selenium.TestClass06" tests="1" failures="0" timestamp="14 Apr 2019 04:44:50 GMT" time="0.767" errors="0">
  <testcase name="method1" time="0.767" classname="com.selenium.TestClass06"/>
</testsuite> <!-- com.selenium.TestClass06 -->
