<?xml version="1.0" encoding="UTF-8"?>
<!-- Generated by org.testng.reporters.JUnitReportReporter -->
<testsuite hostname="BDC4-L-9637QQ2" name="com.selenium.TestClass07" tests="1" failures="0" timestamp="14 Apr 2019 04:51:04 GMT" time="5.081" errors="0">
  <testcase name="method1" time="5.081" classname="com.selenium.TestClass07"/>
</testsuite> <!-- com.selenium.TestClass07 -->
