<?xml version="1.0" encoding="UTF-8"?>
<!-- Generated by org.testng.reporters.JUnitReportReporter -->
<testsuite hostname="BDC4-L-9637QQ2" name="com.selenium.TestClass04" tests="1" failures="0" timestamp="14 Apr 2019 04:27:24 GMT" time="5.410" errors="0">
  <testcase name="method1" time="5.410" classname="com.selenium.TestClass04"/>
</testsuite> <!-- com.selenium.TestClass04 -->
